Determining if the CL_VERSION_3_0 exist failed with the following output:
Change Dir: /Users/wangbing000317/Desktop/cs1230/CSCI1230_Final_Project/build/build-CSCI1230_Final_Project-Qt_6_5_2_for_macOS-Profile/CMakeFiles/CMakeTmp

Run Build Command(s):/Users/wangbing000317/Qt/Tools/Ninja/ninja cmTC_0c0d8 && [1/2] Building C object CMakeFiles/cmTC_0c0d8.dir/CheckSymbolExists.c.o
FAILED: CMakeFiles/cmTC_0c0d8.dir/CheckSymbolExists.c.o 
/usr/bin/clang  -F/Applications/Xcode.app/Contents/Developer/Platforms/MacOSX.platform/Developer/SDKs/MacOSX14.0.sdk/System/Library/Frameworks -arch arm64 -isysroot /Applications/Xcode.app/Contents/Developer/Platforms/MacOSX.platform/Developer/SDKs/MacOSX14.0.sdk -mmacosx-version-min=13.5 -MD -MT CMakeFiles/cmTC_0c0d8.dir/CheckSymbolExists.c.o -MF CMakeFiles/cmTC_0c0d8.dir/CheckSymbolExists.c.o.d -o CMakeFiles/cmTC_0c0d8.dir/CheckSymbolExists.c.o -c /Users/wangbing000317/Desktop/cs1230/CSCI1230_Final_Project/build/build-CSCI1230_Final_Project-Qt_6_5_2_for_macOS-Profile/CMakeFiles/CMakeTmp/CheckSymbolExists.c
/Users/wangbing000317/Desktop/cs1230/CSCI1230_Final_Project/build/build-CSCI1230_Final_Project-Qt_6_5_2_for_macOS-Profile/CMakeFiles/CMakeTmp/CheckSymbolExists.c:8:19: error: use of undeclared identifier 'CL_VERSION_3_0'
  return ((int*)(&CL_VERSION_3_0))[argc];
                  ^
1 error generated.
ninja: build stopped: subcommand failed.


File /Users/wangbing000317/Desktop/cs1230/CSCI1230_Final_Project/build/build-CSCI1230_Final_Project-Qt_6_5_2_for_macOS-Profile/CMakeFiles/CMakeTmp/CheckSymbolExists.c:
/* */
#include </Applications/Xcode.app/Contents/Developer/Platforms/MacOSX.platform/Developer/SDKs/MacOSX14.0.sdk/System/Library/Frameworks/OpenCL.framework/Headers/cl.h>

int main(int argc, char** argv)
{
  (void)argv;
#ifndef CL_VERSION_3_0
  return ((int*)(&CL_VERSION_3_0))[argc];
#else
  (void)argc;
  return 0;
#endif
}
Determining if the CL_VERSION_2_2 exist failed with the following output:
Change Dir: /Users/wangbing000317/Desktop/cs1230/CSCI1230_Final_Project/build/build-CSCI1230_Final_Project-Qt_6_5_2_for_macOS-Profile/CMakeFiles/CMakeTmp

Run Build Command(s):/Users/wangbing000317/Qt/Tools/Ninja/ninja cmTC_ac066 && [1/2] Building C object CMakeFiles/cmTC_ac066.dir/CheckSymbolExists.c.o
FAILED: CMakeFiles/cmTC_ac066.dir/CheckSymbolExists.c.o 
/usr/bin/clang  -F/Applications/Xcode.app/Contents/Developer/Platforms/MacOSX.platform/Developer/SDKs/MacOSX14.0.sdk/System/Library/Frameworks -arch arm64 -isysroot /Applications/Xcode.app/Contents/Developer/Platforms/MacOSX.platform/Developer/SDKs/MacOSX14.0.sdk -mmacosx-version-min=13.5 -MD -MT CMakeFiles/cmTC_ac066.dir/CheckSymbolExists.c.o -MF CMakeFiles/cmTC_ac066.dir/CheckSymbolExists.c.o.d -o CMakeFiles/cmTC_ac066.dir/CheckSymbolExists.c.o -c /Users/wangbing000317/Desktop/cs1230/CSCI1230_Final_Project/build/build-CSCI1230_Final_Project-Qt_6_5_2_for_macOS-Profile/CMakeFiles/CMakeTmp/CheckSymbolExists.c
/Users/wangbing000317/Desktop/cs1230/CSCI1230_Final_Project/build/build-CSCI1230_Final_Project-Qt_6_5_2_for_macOS-Profile/CMakeFiles/CMakeTmp/CheckSymbolExists.c:8:19: error: use of undeclared identifier 'CL_VERSION_2_2'
  return ((int*)(&CL_VERSION_2_2))[argc];
                  ^
1 error generated.
ninja: build stopped: subcommand failed.


File /Users/wangbing000317/Desktop/cs1230/CSCI1230_Final_Project/build/build-CSCI1230_Final_Project-Qt_6_5_2_for_macOS-Profile/CMakeFiles/CMakeTmp/CheckSymbolExists.c:
/* */
#include </Applications/Xcode.app/Contents/Developer/Platforms/MacOSX.platform/Developer/SDKs/MacOSX14.0.sdk/System/Library/Frameworks/OpenCL.framework/Headers/cl.h>

int main(int argc, char** argv)
{
  (void)argv;
#ifndef CL_VERSION_2_2
  return ((int*)(&CL_VERSION_2_2))[argc];
#else
  (void)argc;
  return 0;
#endif
}
Determining if the CL_VERSION_2_1 exist failed with the following output:
Change Dir: /Users/wangbing000317/Desktop/cs1230/CSCI1230_Final_Project/build/build-CSCI1230_Final_Project-Qt_6_5_2_for_macOS-Profile/CMakeFiles/CMakeTmp

Run Build Command(s):/Users/wangbing000317/Qt/Tools/Ninja/ninja cmTC_4aece && [1/2] Building C object CMakeFiles/cmTC_4aece.dir/CheckSymbolExists.c.o
FAILED: CMakeFiles/cmTC_4aece.dir/CheckSymbolExists.c.o 
/usr/bin/clang  -F/Applications/Xcode.app/Contents/Developer/Platforms/MacOSX.platform/Developer/SDKs/MacOSX14.0.sdk/System/Library/Frameworks -arch arm64 -isysroot /Applications/Xcode.app/Contents/Developer/Platforms/MacOSX.platform/Developer/SDKs/MacOSX14.0.sdk -mmacosx-version-min=13.5 -MD -MT CMakeFiles/cmTC_4aece.dir/CheckSymbolExists.c.o -MF CMakeFiles/cmTC_4aece.dir/CheckSymbolExists.c.o.d -o CMakeFiles/cmTC_4aece.dir/CheckSymbolExists.c.o -c /Users/wangbing000317/Desktop/cs1230/CSCI1230_Final_Project/build/build-CSCI1230_Final_Project-Qt_6_5_2_for_macOS-Profile/CMakeFiles/CMakeTmp/CheckSymbolExists.c
/Users/wangbing000317/Desktop/cs1230/CSCI1230_Final_Project/build/build-CSCI1230_Final_Project-Qt_6_5_2_for_macOS-Profile/CMakeFiles/CMakeTmp/CheckSymbolExists.c:8:19: error: use of undeclared identifier 'CL_VERSION_2_1'
  return ((int*)(&CL_VERSION_2_1))[argc];
                  ^
1 error generated.
ninja: build stopped: subcommand failed.


File /Users/wangbing000317/Desktop/cs1230/CSCI1230_Final_Project/build/build-CSCI1230_Final_Project-Qt_6_5_2_for_macOS-Profile/CMakeFiles/CMakeTmp/CheckSymbolExists.c:
/* */
#include </Applications/Xcode.app/Contents/Developer/Platforms/MacOSX.platform/Developer/SDKs/MacOSX14.0.sdk/System/Library/Frameworks/OpenCL.framework/Headers/cl.h>

int main(int argc, char** argv)
{
  (void)argv;
#ifndef CL_VERSION_2_1
  return ((int*)(&CL_VERSION_2_1))[argc];
#else
  (void)argc;
  return 0;
#endif
}
Determining if the CL_VERSION_2_0 exist failed with the following output:
Change Dir: /Users/wangbing000317/Desktop/cs1230/CSCI1230_Final_Project/build/build-CSCI1230_Final_Project-Qt_6_5_2_for_macOS-Profile/CMakeFiles/CMakeTmp

Run Build Command(s):/Users/wangbing000317/Qt/Tools/Ninja/ninja cmTC_a4de8 && [1/2] Building C object CMakeFiles/cmTC_a4de8.dir/CheckSymbolExists.c.o
FAILED: CMakeFiles/cmTC_a4de8.dir/CheckSymbolExists.c.o 
/usr/bin/clang  -F/Applications/Xcode.app/Contents/Developer/Platforms/MacOSX.platform/Developer/SDKs/MacOSX14.0.sdk/System/Library/Frameworks -arch arm64 -isysroot /Applications/Xcode.app/Contents/Developer/Platforms/MacOSX.platform/Developer/SDKs/MacOSX14.0.sdk -mmacosx-version-min=13.5 -MD -MT CMakeFiles/cmTC_a4de8.dir/CheckSymbolExists.c.o -MF CMakeFiles/cmTC_a4de8.dir/CheckSymbolExists.c.o.d -o CMakeFiles/cmTC_a4de8.dir/CheckSymbolExists.c.o -c /Users/wangbing000317/Desktop/cs1230/CSCI1230_Final_Project/build/build-CSCI1230_Final_Project-Qt_6_5_2_for_macOS-Profile/CMakeFiles/CMakeTmp/CheckSymbolExists.c
/Users/wangbing000317/Desktop/cs1230/CSCI1230_Final_Project/build/build-CSCI1230_Final_Project-Qt_6_5_2_for_macOS-Profile/CMakeFiles/CMakeTmp/CheckSymbolExists.c:8:19: error: use of undeclared identifier 'CL_VERSION_2_0'
  return ((int*)(&CL_VERSION_2_0))[argc];
                  ^
1 error generated.
ninja: build stopped: subcommand failed.


File /Users/wangbing000317/Desktop/cs1230/CSCI1230_Final_Project/build/build-CSCI1230_Final_Project-Qt_6_5_2_for_macOS-Profile/CMakeFiles/CMakeTmp/CheckSymbolExists.c:
/* */
#include </Applications/Xcode.app/Contents/Developer/Platforms/MacOSX.platform/Developer/SDKs/MacOSX14.0.sdk/System/Library/Frameworks/OpenCL.framework/Headers/cl.h>

int main(int argc, char** argv)
{
  (void)argv;
#ifndef CL_VERSION_2_0
  return ((int*)(&CL_VERSION_2_0))[argc];
#else
  (void)argc;
  return 0;
#endif
}
